<?xml version="1.0" encoding="UTF-8"?>
<testsuite name="com.example.air_ticket_booking.controller.CustomerController_getListSearchCustomer" tests="1" skipped="0" failures="0" errors="0" timestamp="2023-08-14T07:24:43" hostname="LAPTOP-MVLLN17U" time="0.508">
  <properties/>
  <testcase name="getListSearchCustomer_name_nationality_email_100()" classname="com.example.air_ticket_booking.controller.CustomerController_getListSearchCustomer" time="0.508"/>
  <system-out><![CDATA[14:24:35.397 [Test worker] DEBUG org.springframework.test.context.BootstrapUtils - Instantiating CacheAwareContextLoaderDelegate from class [org.springframework.test.context.cache.DefaultCacheAwareContextLoaderDelegate]
14:24:35.412 [Test worker] DEBUG org.springframework.test.context.BootstrapUtils - Instantiating BootstrapContext using constructor [public org.springframework.test.context.support.DefaultBootstrapContext(java.lang.Class,org.springframework.test.context.CacheAwareContextLoaderDelegate)]
14:24:35.454 [Test worker] DEBUG org.springframework.test.context.BootstrapUtils - Instantiating TestContextBootstrapper for test class [com.example.air_ticket_booking.controller.CustomerController_getListSearchCustomer] from class [org.springframework.boot.test.context.SpringBootTestContextBootstrapper]
14:24:35.471 [Test worker] INFO org.springframework.boot.test.context.SpringBootTestContextBootstrapper - Neither @ContextConfiguration nor @ContextHierarchy found for test class [com.example.air_ticket_booking.controller.CustomerController_getListSearchCustomer], using SpringBootContextLoader
14:24:35.479 [Test worker] DEBUG org.springframework.test.context.support.AbstractContextLoader - Did not detect default resource location for test class [com.example.air_ticket_booking.controller.CustomerController_getListSearchCustomer]: class path resource [com/example/air_ticket_booking/controller/CustomerController_getListSearchCustomer-context.xml] does not exist
14:24:35.481 [Test worker] DEBUG org.springframework.test.context.support.AbstractContextLoader - Did not detect default resource location for test class [com.example.air_ticket_booking.controller.CustomerController_getListSearchCustomer]: class path resource [com/example/air_ticket_booking/controller/CustomerController_getListSearchCustomerContext.groovy] does not exist
14:24:35.481 [Test worker] INFO org.springframework.test.context.support.AbstractContextLoader - Could not detect default resource locations for test class [com.example.air_ticket_booking.controller.CustomerController_getListSearchCustomer]: no resource found for suffixes {-context.xml, Context.groovy}.
14:24:35.482 [Test worker] INFO org.springframework.test.context.support.AnnotationConfigContextLoaderUtils - Could not detect default configuration classes for test class [com.example.air_ticket_booking.controller.CustomerController_getListSearchCustomer]: CustomerController_getListSearchCustomer does not declare any static, non-private, non-final, nested classes annotated with @Configuration.
14:24:35.625 [Test worker] DEBUG org.springframework.test.context.support.ActiveProfilesUtils - Could not find an 'annotation declaring class' for annotation type [org.springframework.test.context.ActiveProfiles] and class [com.example.air_ticket_booking.controller.CustomerController_getListSearchCustomer]
14:24:35.750 [Test worker] DEBUG org.springframework.context.annotation.ClassPathScanningCandidateComponentProvider - Identified candidate component class: file [C:\module6\module6-BE\AirTicketBooking_Backend\air_ticket_booking\build\classes\java\main\com\example\air_ticket_booking\AirTicketBookingApplication.class]
14:24:35.752 [Test worker] INFO org.springframework.boot.test.context.SpringBootTestContextBootstrapper - Found @SpringBootConfiguration com.example.air_ticket_booking.AirTicketBookingApplication for test class com.example.air_ticket_booking.controller.CustomerController_getListSearchCustomer
14:24:35.900 [Test worker] DEBUG org.springframework.boot.test.context.SpringBootTestContextBootstrapper - @TestExecutionListeners is not present for class [com.example.air_ticket_booking.controller.CustomerController_getListSearchCustomer]: using defaults.
14:24:35.900 [Test worker] INFO org.springframework.boot.test.context.SpringBootTestContextBootstrapper - Loaded default TestExecutionListener class names from location [META-INF/spring.factories]: [org.springframework.security.test.context.support.WithSecurityContextTestExecutionListener, org.springframework.security.test.context.support.ReactorContextTestExecutionListener, org.springframework.boot.test.autoconfigure.restdocs.RestDocsTestExecutionListener, org.springframework.boot.test.autoconfigure.web.client.MockRestServiceServerResetTestExecutionListener, org.springframework.boot.test.autoconfigure.web.servlet.MockMvcPrintOnlyOnFailureTestExecutionListener, org.springframework.boot.test.autoconfigure.web.servlet.WebDriverTestExecutionListener, org.springframework.boot.test.autoconfigure.webservices.client.MockWebServiceServerTestExecutionListener, org.springframework.boot.test.mock.mockito.MockitoTestExecutionListener, org.springframework.boot.test.mock.mockito.ResetMocksTestExecutionListener, org.springframework.test.context.web.ServletTestExecutionListener, org.springframework.test.context.support.DirtiesContextBeforeModesTestExecutionListener, org.springframework.test.context.event.ApplicationEventsTestExecutionListener, org.springframework.test.context.support.DependencyInjectionTestExecutionListener, org.springframework.test.context.support.DirtiesContextTestExecutionListener, org.springframework.test.context.transaction.TransactionalTestExecutionListener, org.springframework.test.context.jdbc.SqlScriptsTestExecutionListener, org.springframework.test.context.event.EventPublishingTestExecutionListener]
14:24:35.932 [Test worker] INFO org.springframework.boot.test.context.SpringBootTestContextBootstrapper - Using TestExecutionListeners: [org.springframework.test.context.web.ServletTestExecutionListener@5f2606b, org.springframework.test.context.support.DirtiesContextBeforeModesTestExecutionListener@2b58f754, org.springframework.test.context.event.ApplicationEventsTestExecutionListener@3ebff828, org.springframework.boot.test.mock.mockito.MockitoTestExecutionListener@2552f2cb, org.springframework.boot.test.autoconfigure.SpringBootDependencyInjectionTestExecutionListener@33352f32, org.springframework.test.context.support.DirtiesContextTestExecutionListener@5f3b9c57, org.springframework.test.context.transaction.TransactionalTestExecutionListener@1e044120, org.springframework.test.context.jdbc.SqlScriptsTestExecutionListener@2cf23c81, org.springframework.security.test.context.support.WithSecurityContextTestExecutionListener@3624da92, org.springframework.test.context.event.EventPublishingTestExecutionListener@35fe2125, org.springframework.security.test.context.support.ReactorContextTestExecutionListener@94f6bfb, org.springframework.boot.test.autoconfigure.restdocs.RestDocsTestExecutionListener@34645867, org.springframework.boot.test.autoconfigure.web.client.MockRestServiceServerResetTestExecutionListener@2484f433, org.springframework.boot.test.autoconfigure.web.servlet.MockMvcPrintOnlyOnFailureTestExecutionListener@60b71e8f, org.springframework.boot.test.autoconfigure.web.servlet.WebDriverTestExecutionListener@1255b1d1, org.springframework.boot.test.autoconfigure.webservices.client.MockWebServiceServerTestExecutionListener@464649c, org.springframework.boot.test.mock.mockito.ResetMocksTestExecutionListener@7c22d4f]
14:24:35.938 [Test worker] DEBUG org.springframework.test.context.support.AbstractDirtiesContextTestExecutionListener - Before test class: context [DefaultTestContext@5d5d9e5 testClass = CustomerController_getListSearchCustomer, testInstance = [null], testMethod = [null], testException = [null], mergedContextConfiguration = [WebMergedContextConfiguration@303e3593 testClass = CustomerController_getListSearchCustomer, locations = '{}', classes = '{class com.example.air_ticket_booking.AirTicketBookingApplication}', contextInitializerClasses = '[]', activeProfiles = '{}', propertySourceLocations = '{}', propertySourceProperties = '{org.springframework.boot.test.context.SpringBootTestContextBootstrapper=true}', contextCustomizers = set[org.springframework.boot.test.autoconfigure.actuate.metrics.MetricsExportContextCustomizerFactory$DisableMetricExportContextCustomizer@5a709816, org.springframework.boot.test.autoconfigure.properties.PropertyMappingContextCustomizer@4b3fa0b3, org.springframework.boot.test.autoconfigure.web.servlet.WebDriverContextCustomizerFactory$Customizer@4982cc36, [ImportsContextCustomizer@4ef27d66 key = [org.springframework.boot.test.autoconfigure.web.servlet.MockMvcAutoConfiguration, org.springframework.boot.test.autoconfigure.web.servlet.MockMvcWebClientAutoConfiguration, org.springframework.boot.test.autoconfigure.web.servlet.MockMvcWebDriverAutoConfiguration, org.springframework.boot.autoconfigure.security.oauth2.client.servlet.OAuth2ClientAutoConfiguration, org.springframework.boot.autoconfigure.security.oauth2.resource.servlet.OAuth2ResourceServerAutoConfiguration, org.springframework.boot.autoconfigure.security.servlet.SecurityAutoConfiguration, org.springframework.boot.autoconfigure.security.servlet.SecurityFilterAutoConfiguration, org.springframework.boot.autoconfigure.security.servlet.UserDetailsServiceAutoConfiguration, org.springframework.boot.test.autoconfigure.web.servlet.MockMvcSecurityConfiguration, org.springframework.boot.test.autoconfigure.web.reactive.WebTestClientAutoConfiguration]], org.springframework.boot.test.context.filter.ExcludeFilterContextCustomizer@79d94571, org.springframework.boot.test.json.DuplicateJsonObjectContextCustomizerFactory$DuplicateJsonObjectContextCustomizer@55dfcc6, org.springframework.boot.test.mock.mockito.MockitoContextCustomizer@0, org.springframework.boot.test.web.client.TestRestTemplateContextCustomizer@74c79fa2, org.springframework.boot.test.context.SpringBootTestArgs@1, org.springframework.boot.test.context.SpringBootTestWebEnvironment@2df9b86], resourceBasePath = 'src/main/webapp', contextLoader = 'org.springframework.boot.test.context.SpringBootContextLoader', parent = [null]], attributes = map['org.springframework.test.context.web.ServletTestExecutionListener.activateListener' -> true]], class annotated with @DirtiesContext [false] with mode [null].

  .   ____          _            __ _ _
 /\\ / ___'_ __ _ _(_)_ __  __ _ \ \ \ \
( ( )\___ | '_ | '_| | '_ \/ _` | \ \ \ \
 \\/  ___)| |_)| | | | | || (_| |  ) ) ) )
  '  |____| .__|_| |_|_| |_\__, | / / / /
 =========|_|==============|___/=/_/_/_/
 :: Spring Boot ::               (v2.7.14)

2023-08-14 14:24:36.441  INFO 24832 --- [    Test worker] CustomerController_getListSearchCustomer : Starting CustomerController_getListSearchCustomer using Java 13.0.14 on LAPTOP-MVLLN17U with PID 24832 (started by Admin in C:\module6\module6-BE\AirTicketBooking_Backend\air_ticket_booking)
2023-08-14 14:24:36.443  INFO 24832 --- [    Test worker] CustomerController_getListSearchCustomer : No active profile set, falling back to 1 default profile: "default"
2023-08-14 14:24:37.495  INFO 24832 --- [    Test worker] .s.d.r.c.RepositoryConfigurationDelegate : Bootstrapping Spring Data JPA repositories in DEFAULT mode.
2023-08-14 14:24:37.625  INFO 24832 --- [    Test worker] .s.d.r.c.RepositoryConfigurationDelegate : Finished Spring Data repository scanning in 115 ms. Found 7 JPA repository interfaces.
2023-08-14 14:24:38.518  INFO 24832 --- [    Test worker] o.hibernate.jpa.internal.util.LogHelper  : HHH000204: Processing PersistenceUnitInfo [name: default]
2023-08-14 14:24:38.587  INFO 24832 --- [    Test worker] org.hibernate.Version                    : HHH000412: Hibernate ORM core version 5.6.15.Final
2023-08-14 14:24:38.847  INFO 24832 --- [    Test worker] o.hibernate.annotations.common.Version   : HCANN000001: Hibernate Commons Annotations {5.1.2.Final}
2023-08-14 14:24:39.016  INFO 24832 --- [    Test worker] com.zaxxer.hikari.HikariDataSource       : HikariPool-1 - Starting...
2023-08-14 14:24:39.024  WARN 24832 --- [    Test worker] com.zaxxer.hikari.util.DriverDataSource  : Registered driver with driverClassName=com.mysql.jdbc.Driver was not found, trying direct instantiation.
2023-08-14 14:24:39.455  INFO 24832 --- [    Test worker] com.zaxxer.hikari.HikariDataSource       : HikariPool-1 - Start completed.
2023-08-14 14:24:39.475  INFO 24832 --- [    Test worker] org.hibernate.dialect.Dialect            : HHH000400: Using dialect: org.hibernate.dialect.MySQL8Dialect
Hibernate: alter table account add constraint FK9pbnm9levk9yjtdx8ihxja8ei foreign key (role_id_role) references role (id_role)
Hibernate: alter table customer add constraint FKsvltrp0v6swwnwwjittqcoxh8 foreign key (account_id_account) references account (id_account)
Hibernate: alter table employee add constraint FKdj1dw61h7w0s2t29f9cank7xi foreign key (account_id_account) references account (id_account)
Hibernate: alter table post add constraint FK18s6ve2mw2p0w3kth5wt2n4hj foreign key (employee_id) references employee (id_employee)
Hibernate: alter table route add constraint FKfaw6n25ueugnmnxs59ok672iy foreign key (id_air_craft) references air_craft (id_air_craft)
Hibernate: alter table route add constraint FKhgycblcw4ojds47bsclvr9ljb foreign key (id_departure) references departure (id_departure)
Hibernate: alter table route add constraint FKbe0l5h5smvbpsojja1fxkquda foreign key (id_destination) references destination (id_destination)
Hibernate: alter table seat add constraint FKk135xd0jppmv62kdyhrrcid8c foreign key (id_route) references route (id_route)
Hibernate: alter table seat add constraint FK28kyfo0ys52noa3gtkolnb7jd foreign key (id_type_seat) references type_seat (id_type_seat)
Hibernate: alter table ticket add constraint FK7wn2vjkvy4gh7wl7041uury09 foreign key (customer_id_customer) references customer (id_customer)
Hibernate: alter table ticket add constraint FKm24drthm088e9cy4g28xdtupp foreign key (luggage_id_luggage) references luggage (id_luggage)
Hibernate: alter table ticket add constraint FK3nwpv090qmb2m985ya575q8ys foreign key (seat_id_seat) references seat (id_seat)
Hibernate: alter table ticket add constraint FKhiku6sb9mklri5018qrs3y2v8 foreign key (type_passenger_id_type_passenger) references type_passenger (id_type_passenger)
Hibernate: alter table ticket add constraint FKsn2xg2u42vebggjqk0cdlr4ph foreign key (type_ticket_id_type_ticket) references type_ticket (id_type_ticket)
2023-08-14 14:24:41.257  INFO 24832 --- [    Test worker] o.h.e.t.j.p.i.JtaPlatformInitiator       : HHH000490: Using JtaPlatform implementation: [org.hibernate.engine.transaction.jta.platform.internal.NoJtaPlatform]
2023-08-14 14:24:41.291  INFO 24832 --- [    Test worker] j.LocalContainerEntityManagerFactoryBean : Initialized JPA EntityManagerFactory for persistence unit 'default'
2023-08-14 14:24:42.049  WARN 24832 --- [    Test worker] JpaBaseConfiguration$JpaWebConfiguration : spring.jpa.open-in-view is enabled by default. Therefore, database queries may be performed during view rendering. Explicitly configure spring.jpa.open-in-view to disable this warning
2023-08-14 14:24:43.023  INFO 24832 --- [    Test worker] o.s.s.web.DefaultSecurityFilterChain     : Will secure any request with [org.springframework.security.web.session.DisableEncodeUrlFilter@41ae9f11, org.springframework.security.web.context.request.async.WebAsyncManagerIntegrationFilter@45a40353, org.springframework.security.web.context.SecurityContextPersistenceFilter@1dae9e61, org.springframework.security.web.header.HeaderWriterFilter@7674f9d4, org.springframework.web.filter.CorsFilter@33efa7d4, org.springframework.security.web.authentication.logout.LogoutFilter@22a8c837, com.example.air_ticket_booking.config.JwtRequestFilter@496e0f9d, org.springframework.security.web.savedrequest.RequestCacheAwareFilter@a70daf4, org.springframework.security.web.servletapi.SecurityContextHolderAwareRequestFilter@49faf815, org.springframework.security.web.authentication.AnonymousAuthenticationFilter@fe337, org.springframework.security.web.session.SessionManagementFilter@20608ef4, org.springframework.security.web.access.ExceptionTranslationFilter@1ec09a68, org.springframework.security.web.access.intercept.FilterSecurityInterceptor@39a1c200]
2023-08-14 14:24:43.695  INFO 24832 --- [    Test worker] o.s.b.t.m.w.SpringBootMockServletContext : Initializing Spring TestDispatcherServlet ''
2023-08-14 14:24:43.696  INFO 24832 --- [    Test worker] o.s.t.web.servlet.TestDispatcherServlet  : Initializing Servlet ''
2023-08-14 14:24:43.697  INFO 24832 --- [    Test worker] o.s.t.web.servlet.TestDispatcherServlet  : Completed initialization in 1 ms
2023-08-14 14:24:43.727  INFO 24832 --- [    Test worker] CustomerController_getListSearchCustomer : Started CustomerController_getListSearchCustomer in 7.734 seconds (JVM running for 9.987)
Hibernate:  select customer.id_customer,customer.name_customer,customer.gender_customer,customer.email_customer,customer.date_customer,customer.id_card_customer,customer.address_customer,customer.flag_customer,customer.img_customer,customer.tel_customer,customer.nationality_customer,customer.account_id_account from customer where email_customer like concat('%',?,'%') and name_customer like concat('%',?,'%') and nationality_customer like concat('%',?,'%') and flag_customer = false limit ?
Hibernate: select account0_.id_account as id_accou1_0_0_, account0_.password as password2_0_0_, account0_.role_id_role as role_id_4_0_0_, account0_.username as username3_0_0_, role1_.id_role as id_role1_8_1_, role1_.name_role as name_rol2_8_1_ from account account0_ left outer join role role1_ on account0_.role_id_role=role1_.id_role where account0_.id_account=?

MockHttpServletRequest:
      HTTP Method = GET
      Request URI = /customers/search
       Parameters = {name=[T], nationality=[V], email=[s], page=[0]}
          Headers = []
             Body = null
    Session Attrs = {}

Handler:
             Type = com.example.air_ticket_booking.controller.customer.CustomerController
           Method = com.example.air_ticket_booking.controller.customer.CustomerController#getListSearchCustomer(Pageable, String, String, String, String)

Async:
    Async started = false
     Async result = null

Resolved Exception:
             Type = null

ModelAndView:
        View name = null
             View = null
            Model = null

FlashMap:
       Attributes = null

MockHttpServletResponse:
           Status = 200
    Error message = null
          Headers = [Vary:"Origin", "Access-Control-Request-Method", "Access-Control-Request-Headers", Content-Type:"application/json", X-Content-Type-Options:"nosniff", X-XSS-Protection:"1; mode=block", Cache-Control:"no-cache, no-store, max-age=0, must-revalidate", Pragma:"no-cache", Expires:"0", X-Frame-Options:"DENY"]
     Content type = application/json
             Body = {"content":[{"idCustomer":5,"nameCustomer":"Trí","genderCustomer":true,"emailCustomer":"sieuem2002@gmail.com","telCustomer":"038300937","addressCustomer":"?à N?ng","imgCustomer":"https://th.bing.com/th/id/OIP.GU7rALcQVFnrd9dY76jgpAHaEc?pid=ImgDet&rs=1","nationalityCustomer":"Vi?t Nam","idCardCustomer":"2","dateCustomer":"11/11/1995","flagCustomer":false,"account":{"idAccount":1,"username":"tai","password":"123123","role":{"idRole":1,"nameRole":"ADMIN"}}}],"pageable":{"sort":{"empty":true,"sorted":false,"unsorted":true},"offset":0,"pageSize":5,"pageNumber":0,"paged":true,"unpaged":false},"last":true,"totalElements":1,"totalPages":1,"size":5,"number":0,"sort":{"empty":true,"sorted":false,"unsorted":true},"first":true,"numberOfElements":1,"empty":false}
    Forwarded URL = null
   Redirected URL = null
          Cookies = []
]]></system-out>
  <system-err><![CDATA[Loading class `com.mysql.jdbc.Driver'. This is deprecated. The new driver class is `com.mysql.cj.jdbc.Driver'. The driver is automatically registered via the SPI and manual loading of the driver class is generally unnecessary.
]]></system-err>
</testsuite>
